Building DAG of jobs...
Creating conda environment env/env.yaml...
Downloading and installing remote packages.
Environment for /home/metyag/Desktop/deneme/metyag1/env/env.yaml created (location: .snakemake/conda/c25034a787adc134ee75c3dae47d0e1e_)
Retrieving input from storage.
Using shell: /usr/bin/bash
Provided cores: 1 (use --cores to define parallelism)
Rules claiming more threads will be scaled down.
Job stats:
job               count
--------------  -------
all                   1
tRNAscan              1
tRNAscan_stats        1
total                 3

Select jobs to execute...
Execute 1 jobs...

[Wed Dec 27 15:30:01 2023]
localrule tRNAscan_stats:
    input: resource/Genome/G_intestinalis.fasta
    output: output/G_intestinalis.tRNA, output/G_intestinalis.stats
    jobid: 2
    reason: Missing output files: output/G_intestinalis.tRNA
    resources: tmpdir=/tmp

Activating conda environment: .snakemake/conda/c25034a787adc134ee75c3dae47d0e1e_
[Wed Dec 27 15:30:22 2023]
Finished job 2.
1 of 3 steps (33%) done
Select jobs to execute...
Execute 1 jobs...

[Wed Dec 27 15:30:22 2023]
localrule tRNAscan:
    input: resource/Genome/G_intestinalis.fasta
    output: output/tRNA_scan_result.txt
    jobid: 1
    reason: Missing output files: output/tRNA_scan_result.txt
    resources: tmpdir=/tmp

tRNAscan-SE resource/Genome/G_intestinalis.fasta -o output/tRNA_scan_result.txt
[Wed Dec 27 15:30:43 2023]
Finished job 1.
2 of 3 steps (67%) done
Select jobs to execute...
Execute 1 jobs...

[Wed Dec 27 15:30:43 2023]
localrule all:
    input: output/tRNA_scan_result.txt, output/G_intestinalis.tRNA
    jobid: 0
    reason: Input files updated by another job: output/G_intestinalis.tRNA, output/tRNA_scan_result.txt
    resources: tmpdir=/tmp

[Wed Dec 27 15:30:43 2023]
Finished job 0.
3 of 3 steps (100%) done
Complete log: .snakemake/log/2023-12-27T152937.353378.snakemake.log
