Building DAG of jobs...
Retrieving input from storage.
Using shell: /usr/bin/bash
Provided cores: 1 (use --cores to define parallelism)
Rules claiming more threads will be scaled down.
Job stats:
job            count
-----------  -------
all                1
blastn             2
makeblastdb        1
total              4

Select jobs to execute...
Execute 1 jobs...

[Fri Jan 12 14:36:39 2024]
localrule makeblastdb:
    input: resource/blastn/db/G_intestinalis.fasta
    output: output/blastn/db/G_intestinalis.ndb, output/blastn/db/G_intestinalis.nhr, output/blastn/db/G_intestinalis.nin, output/blastn/db/G_intestinalis.not, output/blastn/db/G_intestinalis.nsq, output/blastn/db/G_intestinalis.ntf, output/blastn/db/G_intestinalis.nto
    jobid: 2
    reason: Missing output files: output/blastn/db/G_intestinalis.ndb
    wildcards: type=blastn, db=G_intestinalis
    resources: tmpdir=/tmp

makeblastdb -dbtype nucl -in resource/blastn/db/G_intestinalis.fasta -out output/blastn/db/G_intestinalis
Activating conda environment: ../../../miniforge3/envs/blast
