Building DAG of jobs...
Creating conda environment env/env.yaml...
Downloading and installing remote packages.
Environment for /home/metyag/Desktop/deneme/metyag1/env/env.yaml created (location: .snakemake/conda/de9ab48d214259d95776d948d61a418c_)
Retrieving input from storage.
Using shell: /usr/bin/bash
Provided cores: 1 (use --cores to define parallelism)
Rules claiming more threads will be scaled down.
Job stats:
job                        count
-----------------------  -------
all                            1
tRNAscan_stats_wildcard        2
total                          3

Select jobs to execute...
Execute 1 jobs...

[Fri Jan 12 10:40:34 2024]
localrule tRNAscan_stats_wildcard:
    input: resource/Genome/G_muris.fasta
    output: output/tRNAscan/G_muris.tRNA, output/tRNAscan/G_muris.stats
    jobid: 1
    reason: Missing output files: output/tRNAscan/G_muris.tRNA
    wildcards: genome=G_muris
    resources: tmpdir=/tmp

Activating conda environment: .snakemake/conda/de9ab48d214259d95776d948d61a418c_
[Fri Jan 12 10:40:55 2024]
Finished job 1.
1 of 3 steps (33%) done
Select jobs to execute...
Execute 1 jobs...

[Fri Jan 12 10:40:55 2024]
localrule tRNAscan_stats_wildcard:
    input: resource/Genome/G_intestinalis.fasta
    output: output/tRNAscan/G_intestinalis.tRNA, output/tRNAscan/G_intestinalis.stats
    jobid: 2
    reason: Missing output files: output/tRNAscan/G_intestinalis.tRNA
    wildcards: genome=G_intestinalis
    resources: tmpdir=/tmp

Activating conda environment: .snakemake/conda/de9ab48d214259d95776d948d61a418c_
[Fri Jan 12 10:41:22 2024]
Finished job 2.
2 of 3 steps (67%) done
Select jobs to execute...
Execute 1 jobs...

[Fri Jan 12 10:41:22 2024]
localrule all:
    input: output/tRNAscan/G_muris.tRNA, output/tRNAscan/G_intestinalis.tRNA
    jobid: 0
    reason: Input files updated by another job: output/tRNAscan/G_intestinalis.tRNA, output/tRNAscan/G_muris.tRNA
    resources: tmpdir=/tmp

[Fri Jan 12 10:41:22 2024]
Finished job 0.
3 of 3 steps (100%) done
Complete log: .snakemake/log/2024-01-12T104002.653943.snakemake.log
